Drill Listing
=============
Drill: .01181  Tool: 1  Feed: 95  Speed: 300
X 289925  Y 370491
X 309610  Y 370491
X 289925  Y 390176
X 289925  Y 409861
X 309610  Y 409861
X 289925  Y 429546
X 289925  Y 449231
X 289925  Y 468916
X 289925  Y 488601
X 309610  Y 488601
X 289925  Y 508286
X 289925  Y 527971
X 309610  Y 527971
X 289925  Y 547656
X 289925  Y 567341
X 289925  Y 587026
X 289925  Y 606711
X 289925  Y 626396
X 289925  Y 646081
X 309610  Y 646081
X 309610  Y 665766
X 289925  Y 665766
X 289925  Y 685451
X 289925  Y 705137
X 289925  Y 724822
X 289925  Y 744507
X 309610  Y 744507
X 289925  Y 764192
X 309610  Y 764192
X 309610  Y 783877
X 289925  Y 783877
X 289925  Y 803562
X 309610  Y 803562
X 289925  Y 823247
X 289925  Y 842932
X 289925  Y 862617
X 289925  Y 882302
X 289925  Y 901987
X 309610  Y 901987
X 289925  Y 921672
X 309610  Y 921672
X 289925  Y 941357
X 289925  Y 961042
X 289925  Y 980727
X 289925  Y 1000412
X 309610  Y 1000412
X 309610  Y 1020097
X 289925  Y 1020097
X 289925  Y 1039782
X 309610  Y 1039782
X 309610  Y 1059467
X 289925  Y 1059467
X 289925  Y 1079152
X 289925  Y 1098837
X 289925  Y 1118522
X 289925  Y 1138207
X 329295  Y 1138207
X 348980  Y 1138207
X 329295  Y 1118522
X 348980  Y 1118522
X 329295  Y 1098837
X 348980  Y 1098837
X 348980  Y 1079152
X 329295  Y 1039782
X 348980  Y 1039782
X 329295  Y 1020097
X 329295  Y 980727
X 348980  Y 980727
X 348980  Y 921672
X 329295  Y 901987
X 348980  Y 862617
X 329295  Y 862617
X 348980  Y 842932
X 348980  Y 823247
X 348980  Y 783877
X 329295  Y 783877
X 329295  Y 764192
X 350393  Y 749606
X 348980  Y 724822
X 329295  Y 724822
X 329295  Y 646081
X 348425  Y 620472
X 329295  Y 606711
X 348980  Y 606711
X 348980  Y 587026
X 329295  Y 587026
X 348980  Y 567341
X 348980  Y 527971
X 329295  Y 527971
X 329295  Y 508286
X 348818  Y 490157
X 329295  Y 468916
X 348980  Y 468916
X 334645  Y 377165
X 368665  Y 390176
X 388350  Y 390176
X 388350  Y 409861
X 368665  Y 468916
X 388350  Y 468916
X 368665  Y 488601
X 368665  Y 508286
X 388350  Y 508286
X 368665  Y 527971
X 388350  Y 527971
X 388350  Y 567341
X 368665  Y 587026
X 388350  Y 606711
X 388350  Y 646081
X 368665  Y 646081
X 388350  Y 665766
X 388350  Y 724822
X 368665  Y 724822
X 368665  Y 744507
X 388350  Y 764192
X 368665  Y 764192
X 388350  Y 783877
X 368665  Y 783877
X 388350  Y 803562
X 388350  Y 823247
X 368665  Y 842932
X 388350  Y 862617
X 388350  Y 901987
X 368665  Y 901987
X 388350  Y 921672
X 388350  Y 980727
X 368665  Y 980727
X 368665  Y 1000412
X 388350  Y 1020097
X 368665  Y 1020097
X 388350  Y 1039782
X 368665  Y 1039782
X 388350  Y 1079152
X 388350  Y 1098837
X 368665  Y 1098837
X 388350  Y 1118522
X 400787  Y 1133858
X 408035  Y 1118522
X 408035  Y 1098837
X 408035  Y 1079152
X 408035  Y 1039782
X 408035  Y 1020097
X 401968  Y 1003543
X 408035  Y 980727
X 408035  Y 961042
X 408035  Y 921672
X 408035  Y 901987
X 408035  Y 862617
X 408035  Y 842932
X 408035  Y 823247
X 408035  Y 803562
X 408035  Y 783877
X 408035  Y 764192
X 401181  Y 750000
X 408035  Y 724822
X 408035  Y 705137
X 408035  Y 665766
X 408035  Y 646081
X 400787  Y 620472
X 408035  Y 606711
X 408035  Y 587026
X 408035  Y 567341
X 408035  Y 527971
X 408035  Y 508286
X 401968  Y 490551
X 408035  Y 468916
X 408035  Y 449231
X 408035  Y 409861
X 408035  Y 390176
X 427720  Y 390176
X 447405  Y 390176
X 427720  Y 409861
X 427720  Y 488601
X 427720  Y 508286
X 447405  Y 508286
X 427720  Y 527971
X 447405  Y 527971
X 427720  Y 646081
X 447405  Y 646081
X 427720  Y 665766
X 427720  Y 744507
X 447405  Y 764192
X 427720  Y 764192
X 427720  Y 783877
X 447405  Y 783877
X 427720  Y 803562
X 447405  Y 901987
X 427720  Y 901987
X 427720  Y 921672
X 427720  Y 1000412
X 447405  Y 1020097
X 427720  Y 1020097
X 427720  Y 1039782
X 447405  Y 1039782
X 467716  Y 1133858
X 467090  Y 1118522
X 486775  Y 1098837
X 467090  Y 1098837
X 467090  Y 1079152
X 486775  Y 1039782
X 467090  Y 1039782
X 486775  Y 1020097
X 466141  Y 1003543
X 486775  Y 980727
X 467090  Y 980727
X 467090  Y 921672
X 486775  Y 901987
X 467090  Y 862617
X 486775  Y 842932
X 467090  Y 823247
X 467090  Y 783877
X 486775  Y 783877
X 466141  Y 749606
X 486775  Y 744507
X 467090  Y 724822
X 486775  Y 724822
X 486775  Y 646081
X 465354  Y 620472
X 467090  Y 606711
X 486775  Y 587026
X 467090  Y 567341
X 486775  Y 527971
X 467090  Y 527971
X 486775  Y 508286
X 465748  Y 490551
X 486775  Y 488601
X 486775  Y 468916
X 467090  Y 468916
X 486775  Y 390176
X 486775  Y 370491
X 506460  Y 370491
X 526146  Y 370491
X 506460  Y 390176
X 526146  Y 390176
X 506460  Y 409861
X 526146  Y 409861
X 526146  Y 449231
X 506460  Y 468916
X 526146  Y 468916
X 518897  Y 490944
X 522440  Y 501574
X 507086  Y 501968
X 518110  Y 511417
X 524015  Y 512598
X 531889  Y 525196
X 506460  Y 527971
X 506460  Y 567341
X 526146  Y 567341
X 526146  Y 587026
X 526146  Y 606711
X 514566  Y 620472
X 522440  Y 636614
X 509055  Y 638188
X 517322  Y 646850
X 527165  Y 655511
X 527559  Y 659842
X 506460  Y 665766
X 526146  Y 705137
X 526146  Y 724822
X 506460  Y 724822
X 520078  Y 750000
X 526146  Y 764192
X 506460  Y 764192
X 506460  Y 783877
X 526146  Y 783877
X 506460  Y 803562
X 526146  Y 803562
X 526146  Y 823247
X 506460  Y 823247
X 526146  Y 842932
X 526146  Y 862617
X 526146  Y 901987
X 506460  Y 901987
X 526146  Y 921672
X 506460  Y 921672
X 526146  Y 961042
X 526146  Y 980727
X 516929  Y 1004724
X 535433  Y 1007874
X 526146  Y 1020097
X 506460  Y 1020097
X 526146  Y 1039782
X 506460  Y 1039782
X 535039  Y 1045275
X 526146  Y 1079152
X 506460  Y 1079152
X 526146  Y 1098837
X 506460  Y 1098837
X 506460  Y 1118522
X 526146  Y 1118522
X 522047  Y 1134251
X 545831  Y 1138207
X 585201  Y 1138207
X 585201  Y 1079152
X 565516  Y 1059467
X 565516  Y 1039782
X 565516  Y 1020097
X 585201  Y 1000412
X 565516  Y 1000412
X 585201  Y 961042
X 565516  Y 961042
X 565516  Y 941357
X 585201  Y 921672
X 565516  Y 921672
X 577165  Y 906299
X 585201  Y 901987
X 565516  Y 901987
X 565516  Y 862617
X 585201  Y 862617
X 567322  Y 834645
X 585201  Y 803562
X 585201  Y 783877
X 585201  Y 724822
X 566929  Y 700000
X 585201  Y 665766
X 565516  Y 626396
X 585201  Y 626396
X 585201  Y 587026
X 585201  Y 527971
X 565516  Y 527971
X 585201  Y 508286
X 565516  Y 508286
X 565516  Y 488601
X 585201  Y 468916
X 545831  Y 409861
X 565516  Y 390176
X 545831  Y 390176
X 585201  Y 390176
X 585201  Y 370491
X 565516  Y 370491
X 545831  Y 370491
X 604886  Y 370491
X 604886  Y 429546
X 604886  Y 468916
X 604886  Y 527971
X 604886  Y 567341
X 604886  Y 587026
X 604886  Y 606711
X 603149  Y 624409
X 604886  Y 646081
X 601181  Y 709055
X 609448  Y 715748
X 604330  Y 717716
X 595275  Y 729133
X 590157  Y 751968
X 594488  Y 751968
X 599606  Y 751968
X 612992  Y 765354
X 596062  Y 801574
X 604886  Y 823247
X 612598  Y 828346
X 606692  Y 828346
X 604886  Y 862617
X 604886  Y 882302
X 604886  Y 901987
X 604886  Y 1000412
X 594881  Y 1023622
X 599212  Y 1036614
X 595669  Y 1037007
X 592125  Y 1037007
X 603149  Y 1037007
X 602755  Y 1041732
X 592125  Y 1042125
X 595669  Y 1042125
X 599212  Y 1042125
X 610629  Y 1064960
X 663941  Y 1138207
X 661417  Y 1131889
X 651574  Y 1131889
X 624571  Y 1059467
X 624571  Y 1039782
X 644256  Y 1039782
X 624571  Y 1020097
X 644256  Y 1000412
X 644256  Y 980727
X 644256  Y 961042
X 625590  Y 946456
X 631102  Y 946456
X 624571  Y 941357
X 644256  Y 941357
X 624571  Y 921672
X 624571  Y 882302
X 624571  Y 862617
X 624571  Y 823247
X 629527  Y 811417
X 643307  Y 810629
X 624571  Y 803562
X 651574  Y 793700
X 663941  Y 783877
X 650393  Y 783464
X 650393  Y 772440
X 629527  Y 765748
X 616929  Y 765748
X 650393  Y 761417
X 650393  Y 750787
X 650393  Y 742913
X 650393  Y 734645
X 616141  Y 719685
X 647244  Y 713779
X 624571  Y 705137
X 634645  Y 697637
X 644256  Y 685451
X 659055  Y 668897
X 652755  Y 650787
X 624571  Y 646081
X 642913  Y 638582
X 658661  Y 630314
X 644488  Y 620472
X 624571  Y 587026
X 644256  Y 567341
X 644256  Y 527971
X 663941  Y 527971
X 624571  Y 527971
X 644256  Y 508286
X 624571  Y 508286
X 663941  Y 508286
X 664566  Y 494094
X 646850  Y 490551
X 663941  Y 468916
X 644256  Y 468916
X 624571  Y 468916
X 663941  Y 449231
X 644256  Y 429546
X 663941  Y 390176
X 644256  Y 390176
X 624571  Y 390176
X 624571  Y 370491
X 663941  Y 370491
X 644256  Y 370491
X 683626  Y 370491
X 683626  Y 390176
X 683626  Y 468916
X 682283  Y 495275
X 683626  Y 508286
X 683626  Y 527971
X 683626  Y 587026
X 683626  Y 626396
X 683626  Y 646081
X 683626  Y 665766
X 675196  Y 698818
X 672047  Y 713779
X 684645  Y 735039
X 668503  Y 735433
X 667716  Y 743700
X 684645  Y 744094
X 666929  Y 751574
X 684251  Y 752362
X 666535  Y 761417
X 684645  Y 761811
X 666929  Y 773228
X 685826  Y 773622
X 683626  Y 783877
X 683464  Y 791732
X 688976  Y 812204
X 668897  Y 812204
X 688976  Y 824015
X 668110  Y 824015
X 672440  Y 835433
X 688976  Y 838976
X 671259  Y 844094
X 672440  Y 854330
X 675984  Y 867322
X 671259  Y 885826
X 675984  Y 890157
X 671259  Y 908661
X 683626  Y 941357
X 683626  Y 961042
X 683626  Y 1000412
X 683626  Y 1020097
X 683626  Y 1059467
X 683626  Y 1079152
X 665748  Y 1080708
X 665748  Y 1086614
X 703311  Y 1079152
X 703311  Y 1039782
X 722996  Y 1039782
X 718110  Y 1024015
X 703311  Y 1020097
X 722996  Y 1020097
X 718503  Y 1008661
X 722996  Y 1000412
X 703311  Y 980727
X 722996  Y 980727
X 703311  Y 961042
X 722996  Y 961042
X 703311  Y 941357
X 722996  Y 941357
X 703937  Y 929527
X 722996  Y 921672
X 722996  Y 901987
X 703937  Y 887401
X 703311  Y 862617
X 722996  Y 862617
X 703311  Y 842932
X 722996  Y 823247
X 728346  Y 801181
X 700000  Y 792519
X 700000  Y 784251
X 700787  Y 773228
X 726377  Y 770078
X 700000  Y 762598
X 700000  Y 752362
X 726377  Y 748031
X 739763  Y 748031
X 700787  Y 744094
X 700787  Y 735039
X 691732  Y 713779
X 712204  Y 713385
X 722996  Y 705137
X 716929  Y 701574
X 695669  Y 699212
X 703311  Y 646081
X 719685  Y 630708
X 703311  Y 626396
X 722996  Y 606711
X 722996  Y 587026
X 703311  Y 567341
X 722996  Y 567341
X 722996  Y 527971
X 703311  Y 527971
X 703311  Y 508286
X 708661  Y 491338
X 722996  Y 468916
X 722996  Y 449231
X 703311  Y 429546
X 703311  Y 390176
X 703311  Y 370491
X 722996  Y 370491
X 742681  Y 370491
X 762366  Y 370491
X 742681  Y 390176
X 762366  Y 390176
X 762366  Y 429546
X 742681  Y 468916
X 760236  Y 491338
X 742681  Y 508286
X 762366  Y 508286
X 762366  Y 527971
X 742681  Y 527971
X 762366  Y 547656
X 762366  Y 567341
X 742681  Y 587026
X 762366  Y 606711
X 753937  Y 620472
X 762366  Y 685451
X 742681  Y 685451
X 742681  Y 705137
X 762366  Y 705137
X 762366  Y 744507
X 741338  Y 771259
X 750393  Y 779133
X 760629  Y 788582
X 742681  Y 803562
X 742681  Y 823247
X 762366  Y 862617
X 762366  Y 882302
X 742681  Y 882302
X 742681  Y 901987
X 762366  Y 901987
X 762366  Y 921672
X 742681  Y 921672
X 762366  Y 941357
X 762366  Y 961042
X 742681  Y 961042
X 742681  Y 980727
X 762366  Y 980727
X 742681  Y 1000412
X 762366  Y 1000412
X 749212  Y 1024015
X 742681  Y 1039782
X 742681  Y 1079152
X 762366  Y 1079152
X 782051  Y 1079152
X 801736  Y 1079152
X 801736  Y 1039782
X 780314  Y 1024015
X 796850  Y 1018110
X 800000  Y 1011811
X 793700  Y 1005118
X 782051  Y 1000412
X 782051  Y 980727
X 772047  Y 799606
X 782051  Y 764192
X 782051  Y 744507
X 782051  Y 705137
X 782051  Y 685451
X 773622  Y 624409
X 782051  Y 527971
X 782051  Y 508286
X 779133  Y 494881
X 782051  Y 488601
X 782051  Y 468916
X 782051  Y 449231
X 782051  Y 429546
X 801736  Y 390176
X 782051  Y 390176
X 782051  Y 370491
X 801736  Y 370491
X 821421  Y 370491
X 860791  Y 370491
X 841106  Y 370491
X 821421  Y 390176
X 860791  Y 390176
X 841106  Y 390176
X 821421  Y 429546
X 860791  Y 429546
X 860791  Y 449231
X 821421  Y 468916
X 860791  Y 468916
X 821421  Y 488601
X 860791  Y 508286
X 841106  Y 508286
X 821421  Y 527971
X 841106  Y 527971
X 860791  Y 567341
X 821421  Y 587026
X 860791  Y 587026
X 841106  Y 626396
X 821421  Y 626396
X 860791  Y 685451
X 821421  Y 685451
X 821421  Y 705137
X 860791  Y 705137
X 860791  Y 724822
X 860791  Y 764192
X 821421  Y 764192
X 841106  Y 764192
X 821421  Y 783877
X 841106  Y 783877
X 860791  Y 823247
X 860791  Y 842932
X 821421  Y 842932
X 821421  Y 882302
X 841106  Y 882302
X 860791  Y 882302
X 841106  Y 901987
X 821421  Y 901987
X 860791  Y 941357
X 821421  Y 941357
X 821421  Y 961042
X 860791  Y 961042
X 860791  Y 980727
X 841106  Y 980727
X 841106  Y 1020097
X 847637  Y 1024015
X 816535  Y 1024015
X 841106  Y 1039782
X 821421  Y 1039782
X 841106  Y 1079152
X 860791  Y 1079152
X 821421  Y 1079152
X 860791  Y 1098837
X 900161  Y 1098837
X 900161  Y 1039782
X 878740  Y 1024015
X 880476  Y 1020097
X 900161  Y 1020097
X 880476  Y 941357
X 900161  Y 901987
X 900161  Y 882302
X 900161  Y 862617
X 880476  Y 862617
X 900161  Y 764192
X 885039  Y 762204
X 875590  Y 759448
X 880476  Y 685451
X 900161  Y 646081
X 900161  Y 626396
X 900161  Y 606711
X 900161  Y 527971
X 900161  Y 508286
X 884645  Y 507086
X 875196  Y 505511
X 900161  Y 390176
X 880476  Y 370491
X 900161  Y 370491
X 939531  Y 370491
X 919846  Y 370491
X 919846  Y 390176
X 939531  Y 390176
X 919846  Y 429546
X 919846  Y 449231
X 939531  Y 468916
X 939531  Y 508286
X 919846  Y 508286
X 919846  Y 527971
X 939531  Y 567341
X 939531  Y 587026
X 919846  Y 606711
X 939531  Y 606711
X 919846  Y 626396
X 939531  Y 626396
X 939531  Y 646081
X 919846  Y 646081
X 919846  Y 685451
X 939531  Y 705137
X 919846  Y 705137
X 939531  Y 724822
X 919846  Y 724822
X 919846  Y 764192
X 939531  Y 764192
X 919846  Y 783877
X 939531  Y 783877
X 939531  Y 823247
X 919846  Y 823247
X 919846  Y 842932
X 939531  Y 842932
X 939531  Y 862617
X 939531  Y 882302
X 919846  Y 882302
X 919846  Y 901987
X 939531  Y 901987
X 919846  Y 941357
X 916535  Y 961811
X 939531  Y 980727
X 919846  Y 1039782
X 931496  Y 1076771
X 931496  Y 1083464
X 939531  Y 1098837
X 919846  Y 1098837
X 939531  Y 1118522
X 939531  Y 1138207
X 959216  Y 1138207
X 978901  Y 1138207
X 959216  Y 1098837
X 959216  Y 1079152
X 959216  Y 1039782
X 978901  Y 1039782
X 959216  Y 1020097
X 959216  Y 961042
X 959216  Y 941357
X 959216  Y 901987
X 959216  Y 882302
X 978901  Y 882302
X 959216  Y 862617
X 978901  Y 862617
X 959216  Y 842932
X 959216  Y 783877
X 978901  Y 783877
X 959216  Y 764192
X 978901  Y 764192
X 959216  Y 705137
X 959216  Y 685451
X 959216  Y 646081
X 978901  Y 626396
X 959216  Y 626396
X 978901  Y 606711
X 959216  Y 587026
X 978901  Y 527971
X 959216  Y 527971
X 978901  Y 508286
X 959216  Y 508286
X 978901  Y 488601
X 959216  Y 488601
X 959216  Y 468916
X 959216  Y 429546
X 978901  Y 390176
X 959216  Y 390176
X 978901  Y 370491
X 959216  Y 370491
X 998586  Y 370491
X 1018271  Y 370491
X 1037957  Y 370491
X 998586  Y 390176
X 1037957  Y 390176
X 998586  Y 429546
X 998586  Y 449231
X 998586  Y 468916
X 1037957  Y 488601
X 1018271  Y 488601
X 1037957  Y 508286
X 998586  Y 508286
X 1037957  Y 527971
X 998586  Y 567341
X 998586  Y 587026
X 1018271  Y 587026
X 1037957  Y 606711
X 1037957  Y 626396
X 1008267  Y 633464
X 1016929  Y 634645
X 1037957  Y 646081
X 998586  Y 685451
X 998586  Y 705137
X 1018271  Y 705137
X 1037957  Y 724822
X 998586  Y 724822
X 998586  Y 744507
X 1018271  Y 744507
X 1037957  Y 744507
X 1037957  Y 764192
X 1018271  Y 764192
X 1037957  Y 783877
X 998586  Y 823247
X 998586  Y 842932
X 1018271  Y 842932
X 1018271  Y 862617
X 1037957  Y 862617
X 1037957  Y 882302
X 1018110  Y 890944
X 1037957  Y 901987
X 998586  Y 941357
X 998586  Y 961042
X 1018271  Y 961042
X 998586  Y 980727
X 1037957  Y 980727
X 998586  Y 1000412
X 1037957  Y 1000412
X 1018271  Y 1000412
X 1037957  Y 1020097
X 1019685  Y 1021653
X 1037957  Y 1039782
X 998586  Y 1039782
X 1018271  Y 1039782
X 998586  Y 1079152
X 998586  Y 1098837
X 1018271  Y 1098837
X 1037957  Y 1118522
X 998586  Y 1138207
X 1037957  Y 1138207
X 1018271  Y 1138207
X 1057642  Y 1118522
X 1057642  Y 1098837
X 1057642  Y 1079152
X 1057642  Y 1059467
X 1057642  Y 1039782
X 1057642  Y 1020097
X 1057642  Y 1000412
X 1057642  Y 980727
X 1057642  Y 961042
X 1057642  Y 941357
X 1057642  Y 921672
X 1057642  Y 901987
X 1057642  Y 882302
X 1057642  Y 862617
X 1057642  Y 842932
X 1057642  Y 823247
X 1057642  Y 803562
X 1057642  Y 783877
X 1057642  Y 764192
X 1057642  Y 744507
X 1057642  Y 724822
X 1057642  Y 705137
X 1057642  Y 685451
X 1057642  Y 665766
X 1057642  Y 646081
X 1057642  Y 626396
X 1057642  Y 606711
X 1057642  Y 587026
X 1057642  Y 567341
X 1057642  Y 547656
X 1057642  Y 527971
X 1057642  Y 508286
X 1057642  Y 488601
X 1057642  Y 468916
X 1057642  Y 449231
X 1057642  Y 429546
X 1057642  Y 409861
X 1057642  Y 370491

Drill: .0315  Tool: 2  Feed: 197  Speed: 550
X 869527  Y 1140944
X 879527  Y 1140944

Drill: .035  Tool: 3  Feed: 197  Speed: 550
X 744435  Y 836288
X 744435  Y 846288
X 744435  Y 856288
X 744435  Y 866288

Drill: .03543  Tool: 4  Feed: 197  Speed: 550
X 595128  Y 669730
X 605128  Y 669730
X 594496  Y 856866
X 594496  Y 866866
X 594496  Y 887575
X 594496  Y 897575
X 641478  Y 1145695
X 651478  Y 1145695
X 674015  Y 1141338
X 684015  Y 1141338
X 638895  Y 1055364
X 658895  Y 1055364
X 648895  Y 1055364
X 615128  Y 669730
X 625128  Y 669730
X 635128  Y 669730
X 773045  Y 846224
X 773045  Y 856224
X 773045  Y 866224
X 716153  Y 873039
X 716153  Y 883039
X 716153  Y 893039
X 716256  Y 925122
X 716256  Y 935122
X 716256  Y 945122
X 818070  Y 953937
X 828070  Y 953937
X 838070  Y 953937
X 848070  Y 953937
X 828070  Y 824409
X 838070  Y 824409
X 848070  Y 824409
X 818070  Y 824409
X 818070  Y 698031
X 828070  Y 698031
X 838070  Y 698031
X 848070  Y 698031
X 818070  Y 570472
X 828070  Y 570472
X 848070  Y 570472
X 838070  Y 570472
X 818490  Y 447539
X 848490  Y 447539
X 828490  Y 447539
X 838490  Y 447539
X 870065  Y 447539
X 880065  Y 447539
X 890065  Y 447539
X 900065  Y 447539
X 869645  Y 570472
X 879645  Y 570472
X 889645  Y 570472
X 899645  Y 570472
X 879645  Y 698031
X 869645  Y 698031
X 889645  Y 698031
X 899645  Y 698031
X 889645  Y 824409
X 869645  Y 824409
X 879645  Y 824409
X 899645  Y 824409
X 879645  Y 953937
X 899645  Y 953937
X 889645  Y 953937
X 869645  Y 953937
X 953503  Y 1086822
X 963504  Y 1086822
X 973503  Y 1086822
X 983503  Y 1086822
X 963504  Y 953937
X 953503  Y 953937
X 973503  Y 953937
X 983503  Y 953937
X 953503  Y 824409
X 963504  Y 824409
X 973503  Y 824409
X 983503  Y 824409
X 963504  Y 698031
X 983503  Y 698031
X 953503  Y 698031
X 973503  Y 698031
X 973503  Y 570472
X 983503  Y 570472
X 953503  Y 570472
X 963504  Y 570472
X 973923  Y 447539
X 953923  Y 447539
X 983923  Y 447539
X 963923  Y 447539
X 1004711  Y 447539
X 1014711  Y 447539
X 1024711  Y 447539
X 1034711  Y 447539
X 1004291  Y 570472
X 1014291  Y 570472
X 1024291  Y 570472
X 1034291  Y 570472
X 1014291  Y 698031
X 1004291  Y 698031
X 1024291  Y 698031
X 1034291  Y 698031
X 1024291  Y 824409
X 1034291  Y 824409
X 1004291  Y 824409
X 1014291  Y 824409
X 1024291  Y 953937
X 1034291  Y 953937
X 1014291  Y 953937
X 1004291  Y 953937
X 1024291  Y 1086822
X 1034291  Y 1086822
X 1004291  Y 1086822
X 1014291  Y 1086822

Drill: .05906  Tool: 5  Feed: 107  Speed: 550
X 561811  Y 1125196
X 607480  Y 1125196
X 561811  Y 1144881
X 607480  Y 1144881

Drill: .07874  Tool: 6  Feed: 81  Speed: 550
X 309370  Y 450787
X 324960  Y 450787
X 361732  Y 450787
X 340551  Y 450787
X 309370  Y 578740
X 324960  Y 578740
X 361732  Y 578740
X 340551  Y 578740
X 324960  Y 709448
X 309370  Y 709448
X 340551  Y 709448
X 361732  Y 709448
X 324960  Y 835826
X 309370  Y 835826
X 340551  Y 835826
X 361732  Y 835826
X 324960  Y 965354
X 361732  Y 965354
X 340551  Y 965354
X 309370  Y 965354
X 340551  Y 1089370
X 324960  Y 1089370
X 309370  Y 1089370
X 361732  Y 1089370
X 377322  Y 1089370
X 392913  Y 1089370
X 428661  Y 1089370
X 377322  Y 965354
X 392913  Y 965354
X 428661  Y 965354
X 377322  Y 835826
X 392913  Y 835826
X 428661  Y 835826
X 428661  Y 709448
X 392913  Y 709448
X 377322  Y 709448
X 392913  Y 578740
X 377322  Y 578740
X 428661  Y 578740
X 392913  Y 450787
X 428661  Y 450787
X 377322  Y 450787
X 444251  Y 450787
X 459842  Y 450787
X 481417  Y 450787
X 459842  Y 578740
X 444251  Y 578740
X 481417  Y 578740
X 481417  Y 709448
X 444251  Y 709448
X 459842  Y 709448
X 444251  Y 835826
X 481417  Y 835826
X 459842  Y 835826
X 481417  Y 965354
X 459842  Y 965354
X 444251  Y 965354
X 444251  Y 1089370
X 481417  Y 1089370
X 459842  Y 1089370
X 512598  Y 1089370
X 497007  Y 1089370
X 512598  Y 965354
X 497007  Y 965354
X 497007  Y 835826
X 512598  Y 835826
X 512598  Y 709448
X 497007  Y 709448
X 512598  Y 578740
X 497007  Y 578740
X 512598  Y 450787
X 497007  Y 450787
X 581259  Y 450787
X 565669  Y 450787
X 596850  Y 450787
X 634015  Y 450787
X 618425  Y 450787
X 649606  Y 450787
X 565669  Y 578740
X 596850  Y 578740
X 618425  Y 578740
X 634015  Y 578740
X 581259  Y 578740
X 649606  Y 578740
X 718416  Y 1134457
X 735393  Y 1134448
X 702786  Y 1134260
X 733478  Y 1055680
X 717888  Y 1055680
X 733925  Y 578864
X 695039  Y 578740
X 710629  Y 578740
X 679448  Y 578740
X 679448  Y 450787
X 733779  Y 450787
X 695039  Y 450787
X 710629  Y 450787
X 749370  Y 450787
X 764960  Y 450787
X 765106  Y 578864
X 749515  Y 578864
X 749069  Y 1055680
X 780250  Y 1055680
X 764659  Y 1055680
X 795840  Y 1055680
X 801141  Y 1134055
X 768123  Y 1134079
X 783753  Y 1134275
X 751023  Y 1134645
X 816771  Y 1134251
X 903826  Y 1133921
X 849895  Y 1133882
X 834265  Y 1133685
X 863263  Y 1055680
X 832082  Y 1055680
X 847673  Y 1055680
X 878854  Y 1055680
X 816492  Y 1055680
X 894444  Y 1055680
X 919456  Y 1134118

Drill: .1378  Tool: 7  Feed: 35  Speed: 794
X 303937  Y 387795
X 303937  Y 1135826
X 1051968  Y 1135826
X 1051968  Y 387795

End of Listing
